==============================================================================
Suites                                                                        
==============================================================================
Suites.SwitchContextDemo                                                      
==============================================================================
RUNNING...
Verify switching to context                                           Get all available context
Get all available context
| FAIL |
Variable '${NativeVew}' not found. Did you mean:
    ${NativeView}
------------------------------------------------------------------------------
Work with multple elements                                            | FAIL |
Setup failed:
Element locator 'xpath=//android.widget.TextView[@text='Home']' did not match any elements after 5 seconds
------------------------------------------------------------------------------
Suites.SwitchContextDemo                                              | FAIL |
2 critical tests, 0 passed, 2 failed
2 tests total, 0 passed, 2 failed
==============================================================================
Suites                                                                | FAIL |
2 critical tests, 0 passed, 2 failed
2 tests total, 0 passed, 2 failed
==============================================================================
Output:  C:\Automation\AppiumLibraryRobotFramework\robotframeworkAppiumLibrary\Reports\pabot_results\3\output.xml
